[debug] [2026-01-12T19:12:26.179Z] [Firebase Plugin] Activating Firebase extension.
[info] [Firebase Plugin] Checked firebase-tools, is up to date!
[debug] [2026-01-12T19:12:27.660Z] [Firebase Plugin] requireAuthWrapper
[debug] [2026-01-12T19:12:27.662Z] > command requires scopes: ["email","openid","https://www.googleapis.com/auth/cloudplatformprojects.readonly","https://www.googleapis.com/auth/firebase","https://www.googleapis.com/auth/cloud-platform"]
[debug] [2026-01-12T19:12:27.662Z] > authorizing via signed-in user (ciprian.rotopanescu@gmail.com)
[debug] [2026-01-12T19:12:27.666Z] Checked if tokens are valid: true, expires at: 1768247258870
[debug] [2026-01-12T19:12:27.666Z] Checked if tokens are valid: true, expires at: 1768247258870
[debug] [2026-01-12T19:12:27.666Z] [Firebase Plugin] User found:  ciprian.rotopanescu@gmail.com
[info] [Firebase Plugin] (Core:Project) New user detected, fetching projects
[debug] [2026-01-12T19:12:27.667Z] Checked if tokens are valid: true, expires at: 1768247258870
[debug] [2026-01-12T19:12:27.668Z] >>> [apiv2][query] GET https://firebase.googleapis.com/v1beta1/projects pageSize=1000
[debug] [2026-01-12T19:12:27.674Z] [Firebase Plugin] VSCode notification server listening on port 40001
[info] [Firebase Plugin] Starting Data Connect toolkit (version 3.0.0) on port 50001
[debug] [2026-01-12T19:12:28.101Z] 'fdc build' failed with error: Unable to build your Data Connect schema and connectors (exit code 1): E0112 19:12:28.096142     508 cmd.go:43] Error loading data connect config: could not find dataconnect.yaml in `c:\Users\Cip\Desktop\CP\dataconnect`
 {"metadata":{"emulator":{"name":"dataconnect"},"message":"'fdc build' failed with error: Unable to build your Data Connect schema and connectors (exit code 1): E0112 19:12:28.096142     508 cmd.go:43] Error loading data connect config: could not find dataconnect.yaml in `c:\\Users\\Cip\\Desktop\\CP\\dataconnect`\n"}}
[debug] [2026-01-12T19:12:28.102Z] Ignoring unsupported arg: auto_download {"metadata":{"emulator":{"name":"dataconnect"},"message":"Ignoring unsupported arg: auto_download"}}
[debug] [2026-01-12T19:12:28.102Z] Ignoring unsupported arg: port {"metadata":{"emulator":{"name":"dataconnect"},"message":"Ignoring unsupported arg: port"}}
[debug] [2026-01-12T19:12:28.102Z] Starting Data Connect Emulator with command {"binary":"C:\\Users\\Cip\\.cache\\firebase\\emulators\\dataconnect-emulator-3.0.0.exe","args":["--logtostderr","-v=2","dev","--listen=localhost:50001","--config_dir=c:\\Users\\Cip\\Desktop\\CP\\dataconnect","--enable_output_schema_extensions=true","--enable_output_generated_sdk=true"],"optionalArgs":["listen","config_dir","enable_output_schema_extensions","enable_output_generated_sdk"],"joinArgs":true,"shell":false,"port":9399} {"metadata":{"emulator":{"name":"dataconnect"},"message":"Starting Data Connect Emulator with command {\"binary\":\"C:\\\\Users\\\\Cip\\\\.cache\\\\firebase\\\\emulators\\\\dataconnect-emulator-3.0.0.exe\",\"args\":[\"--logtostderr\",\"-v=2\",\"dev\",\"--listen=localhost:50001\",\"--config_dir=c:\\\\Users\\\\Cip\\\\Desktop\\\\CP\\\\dataconnect\",\"--enable_output_schema_extensions=true\",\"--enable_output_generated_sdk=true\"],\"optionalArgs\":[\"listen\",\"config_dir\",\"enable_output_schema_extensions\",\"enable_output_generated_sdk\"],\"joinArgs\":true,\"shell\":false,\"port\":9399}"}}
[info] i  dataconnect: Data Connect Emulator logging to dataconnect-debug.log {"metadata":{"emulator":{"name":"dataconnect"},"message":"Data Connect Emulator logging to \u001b[1mdataconnect-debug.log\u001b[22m"}}
[debug] [2026-01-12T19:12:28.164Z] E0112 19:12:28.126452   14428 dev.go:83] Failed to load initial config from "c:\\Users\\Cip\\Desktop\\CP\\dataconnect": could not find dataconnect.yaml in `c:\Users\Cip\Desktop\CP\dataconnect`
E0112 19:12:28.127483   14428 watch.go:116] watchAllDir unable to walk dir `c:\Users\Cip\Desktop\CP\dataconnect`: CreateFile c:\Users\Cip\Desktop\CP\dataconnect: The system cannot find the file specified.
I0112 19:12:28.135396   14428 dev.go:104] Listening on address (HTTP + gRPC): 127.0.0.1:50001
 {"metadata":{"emulator":{"name":"dataconnect"},"message":"E0112 19:12:28.126452   14428 dev.go:83] Failed to load initial config from \"c:\\\\Users\\\\Cip\\\\Desktop\\\\CP\\\\dataconnect\": could not find dataconnect.yaml in `c:\\Users\\Cip\\Desktop\\CP\\dataconnect`\nE0112 19:12:28.127483   14428 watch.go:116] watchAllDir unable to walk dir `c:\\Users\\Cip\\Desktop\\CP\\dataconnect`: CreateFile c:\\Users\\Cip\\Desktop\\CP\\dataconnect: The system cannot find the file specified.\nI0112 19:12:28.135396   14428 dev.go:104] Listening on address (HTTP + gRPC): 127.0.0.1:50001\n"}}
[error] [Firebase Plugin] error:  {}
[debug] [2026-01-12T19:12:28.741Z] <<< [apiv2][status] GET https://firebase.googleapis.com/v1beta1/projects 200
[debug] [2026-01-12T19:12:28.741Z] <<< [apiv2][body] GET https://firebase.googleapis.com/v1beta1/projects [omitted]
[debug] [2026-01-12T19:12:38.128Z] E0112 19:12:38.128088   14428 watch.go:40] Failed to load config from "c:\\Users\\Cip\\Desktop\\CP\\dataconnect": could not find dataconnect.yaml in `c:\Users\Cip\Desktop\CP\dataconnect`
 {"metadata":{"emulator":{"name":"dataconnect"},"message":"E0112 19:12:38.128088   14428 watch.go:40] Failed to load config from \"c:\\\\Users\\\\Cip\\\\Desktop\\\\CP\\\\dataconnect\": could not find dataconnect.yaml in `c:\\Users\\Cip\\Desktop\\CP\\dataconnect`\n"}}
[debug] [2026-01-12T19:12:48.128Z] E0112 19:12:48.128043   14428 watch.go:40] Failed to load config from "c:\\Users\\Cip\\Desktop\\CP\\dataconnect": could not find dataconnect.yaml in `c:\Users\Cip\Desktop\CP\dataconnect`
 {"metadata":{"emulator":{"name":"dataconnect"},"message":"E0112 19:12:48.128043   14428 watch.go:40] Failed to load config from \"c:\\\\Users\\\\Cip\\\\Desktop\\\\CP\\\\dataconnect\": could not find dataconnect.yaml in `c:\\Users\\Cip\\Desktop\\CP\\dataconnect`\n"}}
[debug] [2026-01-12T19:12:58.128Z] E0112 19:12:58.127626   14428 watch.go:40] Failed to load config from "c:\\Users\\Cip\\Desktop\\CP\\dataconnect": could not find dataconnect.yaml in `c:\Users\Cip\Desktop\CP\dataconnect`
 {"metadata":{"emulator":{"name":"dataconnect"},"message":"E0112 19:12:58.127626   14428 watch.go:40] Failed to load config from \"c:\\\\Users\\\\Cip\\\\Desktop\\\\CP\\\\dataconnect\": could not find dataconnect.yaml in `c:\\Users\\Cip\\Desktop\\CP\\dataconnect`\n"}}
[debug] [2026-01-12T19:13:08.128Z] E0112 19:13:08.127777   14428 watch.go:40] Failed to load config from "c:\\Users\\Cip\\Desktop\\CP\\dataconnect": could not find dataconnect.yaml in `c:\Users\Cip\Desktop\CP\dataconnect`
 {"metadata":{"emulator":{"name":"dataconnect"},"message":"E0112 19:13:08.127777   14428 watch.go:40] Failed to load config from \"c:\\\\Users\\\\Cip\\\\Desktop\\\\CP\\\\dataconnect\": could not find dataconnect.yaml in `c:\\Users\\Cip\\Desktop\\CP\\dataconnect`\n"}}
[debug] [2026-01-12T19:13:18.128Z] E0112 19:13:18.127841   14428 watch.go:40] Failed to load config from "c:\\Users\\Cip\\Desktop\\CP\\dataconnect": could not find dataconnect.yaml in `c:\Users\Cip\Desktop\CP\dataconnect`
 {"metadata":{"emulator":{"name":"dataconnect"},"message":"E0112 19:13:18.127841   14428 watch.go:40] Failed to load config from \"c:\\\\Users\\\\Cip\\\\Desktop\\\\CP\\\\dataconnect\": could not find dataconnect.yaml in `c:\\Users\\Cip\\Desktop\\CP\\dataconnect`\n"}}
[debug] [2026-01-12T19:13:28.128Z] E0112 19:13:28.127829   14428 watch.go:116] watchAllDir unable to walk dir `c:\Users\Cip\Desktop\CP\dataconnect`: CreateFile c:\Users\Cip\Desktop\CP\dataconnect: The system cannot find the file specified.
 {"metadata":{"emulator":{"name":"dataconnect"},"message":"E0112 19:13:28.127829   14428 watch.go:116] watchAllDir unable to walk dir `c:\\Users\\Cip\\Desktop\\CP\\dataconnect`: CreateFile c:\\Users\\Cip\\Desktop\\CP\\dataconnect: The system cannot find the file specified.\n"}}
[debug] [2026-01-12T19:13:28.128Z] E0112 19:13:28.127829   14428 watch.go:40] Failed to load config from "c:\\Users\\Cip\\Desktop\\CP\\dataconnect": could not find dataconnect.yaml in `c:\Users\Cip\Desktop\CP\dataconnect`
 {"metadata":{"emulator":{"name":"dataconnect"},"message":"E0112 19:13:28.127829   14428 watch.go:40] Failed to load config from \"c:\\\\Users\\\\Cip\\\\Desktop\\\\CP\\\\dataconnect\": could not find dataconnect.yaml in `c:\\Users\\Cip\\Desktop\\CP\\dataconnect`\n"}}
[debug] [2026-01-12T19:13:38.128Z] E0112 19:13:38.127963   14428 watch.go:40] Failed to load config from "c:\\Users\\Cip\\Desktop\\CP\\dataconnect": could not find dataconnect.yaml in `c:\Users\Cip\Desktop\CP\dataconnect`
 {"metadata":{"emulator":{"name":"dataconnect"},"message":"E0112 19:13:38.127963   14428 watch.go:40] Failed to load config from \"c:\\\\Users\\\\Cip\\\\Desktop\\\\CP\\\\dataconnect\": could not find dataconnect.yaml in `c:\\Users\\Cip\\Desktop\\CP\\dataconnect`\n"}}
[debug] [2026-01-12T19:13:48.128Z] E0112 19:13:48.127689   14428 watch.go:40] Failed to load config from "c:\\Users\\Cip\\Desktop\\CP\\dataconnect": could not find dataconnect.yaml in `c:\Users\Cip\Desktop\CP\dataconnect`
 {"metadata":{"emulator":{"name":"dataconnect"},"message":"E0112 19:13:48.127689   14428 watch.go:40] Failed to load config from \"c:\\\\Users\\\\Cip\\\\Desktop\\\\CP\\\\dataconnect\": could not find dataconnect.yaml in `c:\\Users\\Cip\\Desktop\\CP\\dataconnect`\n"}}
[debug] [2026-01-12T19:13:58.128Z] E0112 19:13:58.127992   14428 watch.go:40] Failed to load config from "c:\\Users\\Cip\\Desktop\\CP\\dataconnect": could not find dataconnect.yaml in `c:\Users\Cip\Desktop\CP\dataconnect`
 {"metadata":{"emulator":{"name":"dataconnect"},"message":"E0112 19:13:58.127992   14428 watch.go:40] Failed to load config from \"c:\\\\Users\\\\Cip\\\\Desktop\\\\CP\\\\dataconnect\": could not find dataconnect.yaml in `c:\\Users\\Cip\\Desktop\\CP\\dataconnect`\n"}}
[debug] [2026-01-12T19:14:08.128Z] E0112 19:14:08.127872   14428 watch.go:40] Failed to load config from "c:\\Users\\Cip\\Desktop\\CP\\dataconnect": could not find dataconnect.yaml in `c:\Users\Cip\Desktop\CP\dataconnect`
 {"metadata":{"emulator":{"name":"dataconnect"},"message":"E0112 19:14:08.127872   14428 watch.go:40] Failed to load config from \"c:\\\\Users\\\\Cip\\\\Desktop\\\\CP\\\\dataconnect\": could not find dataconnect.yaml in `c:\\Users\\Cip\\Desktop\\CP\\dataconnect`\n"}}
[debug] [2026-01-12T19:14:18.128Z] E0112 19:14:18.128014   14428 watch.go:40] Failed to load config from "c:\\Users\\Cip\\Desktop\\CP\\dataconnect": could not find dataconnect.yaml in `c:\Users\Cip\Desktop\CP\dataconnect`
 {"metadata":{"emulator":{"name":"dataconnect"},"message":"E0112 19:14:18.128014   14428 watch.go:40] Failed to load config from \"c:\\\\Users\\\\Cip\\\\Desktop\\\\CP\\\\dataconnect\": could not find dataconnect.yaml in `c:\\Users\\Cip\\Desktop\\CP\\dataconnect`\n"}}
[debug] [2026-01-12T19:14:28.128Z] E0112 19:14:28.127952   14428 watch.go:116] watchAllDir unable to walk dir `c:\Users\Cip\Desktop\CP\dataconnect`: CreateFile c:\Users\Cip\Desktop\CP\dataconnect: The system cannot find the file specified.
 {"metadata":{"emulator":{"name":"dataconnect"},"message":"E0112 19:14:28.127952   14428 watch.go:116] watchAllDir unable to walk dir `c:\\Users\\Cip\\Desktop\\CP\\dataconnect`: CreateFile c:\\Users\\Cip\\Desktop\\CP\\dataconnect: The system cannot find the file specified.\n"}}
[debug] [2026-01-12T19:14:28.128Z] E0112 19:14:28.127952   14428 watch.go:40] Failed to load config from "c:\\Users\\Cip\\Desktop\\CP\\dataconnect": could not find dataconnect.yaml in `c:\Users\Cip\Desktop\CP\dataconnect`
 {"metadata":{"emulator":{"name":"dataconnect"},"message":"E0112 19:14:28.127952   14428 watch.go:40] Failed to load config from \"c:\\\\Users\\\\Cip\\\\Desktop\\\\CP\\\\dataconnect\": could not find dataconnect.yaml in `c:\\Users\\Cip\\Desktop\\CP\\dataconnect`\n"}}
[debug] [2026-01-12T19:14:38.128Z] E0112 19:14:38.127563   14428 watch.go:40] Failed to load config from "c:\\Users\\Cip\\Desktop\\CP\\dataconnect": could not find dataconnect.yaml in `c:\Users\Cip\Desktop\CP\dataconnect`
 {"metadata":{"emulator":{"name":"dataconnect"},"message":"E0112 19:14:38.127563   14428 watch.go:40] Failed to load config from \"c:\\\\Users\\\\Cip\\\\Desktop\\\\CP\\\\dataconnect\": could not find dataconnect.yaml in `c:\\Users\\Cip\\Desktop\\CP\\dataconnect`\n"}}
[debug] [2026-01-12T19:14:48.127Z] E0112 19:14:48.127616   14428 watch.go:40] Failed to load config from "c:\\Users\\Cip\\Desktop\\CP\\dataconnect": could not find dataconnect.yaml in `c:\Users\Cip\Desktop\CP\dataconnect`
 {"metadata":{"emulator":{"name":"dataconnect"},"message":"E0112 19:14:48.127616   14428 watch.go:40] Failed to load config from \"c:\\\\Users\\\\Cip\\\\Desktop\\\\CP\\\\dataconnect\": could not find dataconnect.yaml in `c:\\Users\\Cip\\Desktop\\CP\\dataconnect`\n"}}
[debug] [2026-01-12T19:14:58.128Z] E0112 19:14:58.127975   14428 watch.go:40] Failed to load config from "c:\\Users\\Cip\\Desktop\\CP\\dataconnect": could not find dataconnect.yaml in `c:\Users\Cip\Desktop\CP\dataconnect`
 {"metadata":{"emulator":{"name":"dataconnect"},"message":"E0112 19:14:58.127975   14428 watch.go:40] Failed to load config from \"c:\\\\Users\\\\Cip\\\\Desktop\\\\CP\\\\dataconnect\": could not find dataconnect.yaml in `c:\\Users\\Cip\\Desktop\\CP\\dataconnect`\n"}}
[debug] [2026-01-12T19:15:08.128Z] E0112 19:15:08.127967   14428 watch.go:40] Failed to load config from "c:\\Users\\Cip\\Desktop\\CP\\dataconnect": could not find dataconnect.yaml in `c:\Users\Cip\Desktop\CP\dataconnect`
 {"metadata":{"emulator":{"name":"dataconnect"},"message":"E0112 19:15:08.127967   14428 watch.go:40] Failed to load config from \"c:\\\\Users\\\\Cip\\\\Desktop\\\\CP\\\\dataconnect\": could not find dataconnect.yaml in `c:\\Users\\Cip\\Desktop\\CP\\dataconnect`\n"}}
[debug] [2026-01-12T19:15:18.128Z] E0112 19:15:18.127743   14428 watch.go:40] Failed to load config from "c:\\Users\\Cip\\Desktop\\CP\\dataconnect": could not find dataconnect.yaml in `c:\Users\Cip\Desktop\CP\dataconnect`
 {"metadata":{"emulator":{"name":"dataconnect"},"message":"E0112 19:15:18.127743   14428 watch.go:40] Failed to load config from \"c:\\\\Users\\\\Cip\\\\Desktop\\\\CP\\\\dataconnect\": could not find dataconnect.yaml in `c:\\Users\\Cip\\Desktop\\CP\\dataconnect`\n"}}
[debug] [2026-01-12T19:15:28.127Z] E0112 19:15:28.127979   14428 watch.go:116] watchAllDir unable to walk dir `c:\Users\Cip\Desktop\CP\dataconnect`: CreateFile c:\Users\Cip\Desktop\CP\dataconnect: The system cannot find the file specified.
E0112 19:15:28.127979   14428 watch.go:40] Failed to load config from "c:\\Users\\Cip\\Desktop\\CP\\dataconnect": could not find dataconnect.yaml in `c:\Users\Cip\Desktop\CP\dataconnect`
 {"metadata":{"emulator":{"name":"dataconnect"},"message":"E0112 19:15:28.127979   14428 watch.go:116] watchAllDir unable to walk dir `c:\\Users\\Cip\\Desktop\\CP\\dataconnect`: CreateFile c:\\Users\\Cip\\Desktop\\CP\\dataconnect: The system cannot find the file specified.\nE0112 19:15:28.127979   14428 watch.go:40] Failed to load config from \"c:\\\\Users\\\\Cip\\\\Desktop\\\\CP\\\\dataconnect\": could not find dataconnect.yaml in `c:\\Users\\Cip\\Desktop\\CP\\dataconnect`\n"}}
[debug] [2026-01-12T19:15:38.128Z] E0112 19:15:38.128054   14428 watch.go:40] Failed to load config from "c:\\Users\\Cip\\Desktop\\CP\\dataconnect": could not find dataconnect.yaml in `c:\Users\Cip\Desktop\CP\dataconnect`
 {"metadata":{"emulator":{"name":"dataconnect"},"message":"E0112 19:15:38.128054   14428 watch.go:40] Failed to load config from \"c:\\\\Users\\\\Cip\\\\Desktop\\\\CP\\\\dataconnect\": could not find dataconnect.yaml in `c:\\Users\\Cip\\Desktop\\CP\\dataconnect`\n"}}
[debug] [2026-01-12T19:15:48.127Z] E0112 19:15:48.127941   14428 watch.go:40] Failed to load config from "c:\\Users\\Cip\\Desktop\\CP\\dataconnect": could not find dataconnect.yaml in `c:\Users\Cip\Desktop\CP\dataconnect`
 {"metadata":{"emulator":{"name":"dataconnect"},"message":"E0112 19:15:48.127941   14428 watch.go:40] Failed to load config from \"c:\\\\Users\\\\Cip\\\\Desktop\\\\CP\\\\dataconnect\": could not find dataconnect.yaml in `c:\\Users\\Cip\\Desktop\\CP\\dataconnect`\n"}}
[debug] [2026-01-12T19:15:58.127Z] E0112 19:15:58.127615   14428 watch.go:40] Failed to load config from "c:\\Users\\Cip\\Desktop\\CP\\dataconnect": could not find dataconnect.yaml in `c:\Users\Cip\Desktop\CP\dataconnect`
 {"metadata":{"emulator":{"name":"dataconnect"},"message":"E0112 19:15:58.127615   14428 watch.go:40] Failed to load config from \"c:\\\\Users\\\\Cip\\\\Desktop\\\\CP\\\\dataconnect\": could not find dataconnect.yaml in `c:\\Users\\Cip\\Desktop\\CP\\dataconnect`\n"}}
[debug] [2026-01-12T19:16:08.128Z] E0112 19:16:08.127907   14428 watch.go:40] Failed to load config from "c:\\Users\\Cip\\Desktop\\CP\\dataconnect": could not find dataconnect.yaml in `c:\Users\Cip\Desktop\CP\dataconnect`
 {"metadata":{"emulator":{"name":"dataconnect"},"message":"E0112 19:16:08.127907   14428 watch.go:40] Failed to load config from \"c:\\\\Users\\\\Cip\\\\Desktop\\\\CP\\\\dataconnect\": could not find dataconnect.yaml in `c:\\Users\\Cip\\Desktop\\CP\\dataconnect`\n"}}
[debug] [2026-01-12T19:16:18.127Z] E0112 19:16:18.127737   14428 watch.go:40] Failed to load config from "c:\\Users\\Cip\\Desktop\\CP\\dataconnect": could not find dataconnect.yaml in `c:\Users\Cip\Desktop\CP\dataconnect`
 {"metadata":{"emulator":{"name":"dataconnect"},"message":"E0112 19:16:18.127737   14428 watch.go:40] Failed to load config from \"c:\\\\Users\\\\Cip\\\\Desktop\\\\CP\\\\dataconnect\": could not find dataconnect.yaml in `c:\\Users\\Cip\\Desktop\\CP\\dataconnect`\n"}}
[debug] [2026-01-12T19:16:28.127Z] E0112 19:16:28.127573   14428 watch.go:116] watchAllDir unable to walk dir `c:\Users\Cip\Desktop\CP\dataconnect`: CreateFile c:\Users\Cip\Desktop\CP\dataconnect: The system cannot find the file specified.
 {"metadata":{"emulator":{"name":"dataconnect"},"message":"E0112 19:16:28.127573   14428 watch.go:116] watchAllDir unable to walk dir `c:\\Users\\Cip\\Desktop\\CP\\dataconnect`: CreateFile c:\\Users\\Cip\\Desktop\\CP\\dataconnect: The system cannot find the file specified.\n"}}
[debug] [2026-01-12T19:16:28.128Z] E0112 19:16:28.127573   14428 watch.go:40] Failed to load config from "c:\\Users\\Cip\\Desktop\\CP\\dataconnect": could not find dataconnect.yaml in `c:\Users\Cip\Desktop\CP\dataconnect`
 {"metadata":{"emulator":{"name":"dataconnect"},"message":"E0112 19:16:28.127573   14428 watch.go:40] Failed to load config from \"c:\\\\Users\\\\Cip\\\\Desktop\\\\CP\\\\dataconnect\": could not find dataconnect.yaml in `c:\\Users\\Cip\\Desktop\\CP\\dataconnect`\n"}}
[debug] [2026-01-12T19:16:38.128Z] E0112 19:16:38.127854   14428 watch.go:40] Failed to load config from "c:\\Users\\Cip\\Desktop\\CP\\dataconnect": could not find dataconnect.yaml in `c:\Users\Cip\Desktop\CP\dataconnect`
 {"metadata":{"emulator":{"name":"dataconnect"},"message":"E0112 19:16:38.127854   14428 watch.go:40] Failed to load config from \"c:\\\\Users\\\\Cip\\\\Desktop\\\\CP\\\\dataconnect\": could not find dataconnect.yaml in `c:\\Users\\Cip\\Desktop\\CP\\dataconnect`\n"}}
[debug] [2026-01-12T19:16:48.128Z] E0112 19:16:48.127771   14428 watch.go:40] Failed to load config from "c:\\Users\\Cip\\Desktop\\CP\\dataconnect": could not find dataconnect.yaml in `c:\Users\Cip\Desktop\CP\dataconnect`
 {"metadata":{"emulator":{"name":"dataconnect"},"message":"E0112 19:16:48.127771   14428 watch.go:40] Failed to load config from \"c:\\\\Users\\\\Cip\\\\Desktop\\\\CP\\\\dataconnect\": could not find dataconnect.yaml in `c:\\Users\\Cip\\Desktop\\CP\\dataconnect`\n"}}
[debug] [2026-01-12T19:16:58.127Z] E0112 19:16:58.127805   14428 watch.go:40] Failed to load config from "c:\\Users\\Cip\\Desktop\\CP\\dataconnect": could not find dataconnect.yaml in `c:\Users\Cip\Desktop\CP\dataconnect`
 {"metadata":{"emulator":{"name":"dataconnect"},"message":"E0112 19:16:58.127805   14428 watch.go:40] Failed to load config from \"c:\\\\Users\\\\Cip\\\\Desktop\\\\CP\\\\dataconnect\": could not find dataconnect.yaml in `c:\\Users\\Cip\\Desktop\\CP\\dataconnect`\n"}}
[debug] [2026-01-12T19:17:08.128Z] E0112 19:17:08.127907   14428 watch.go:40] Failed to load config from "c:\\Users\\Cip\\Desktop\\CP\\dataconnect": could not find dataconnect.yaml in `c:\Users\Cip\Desktop\CP\dataconnect`
 {"metadata":{"emulator":{"name":"dataconnect"},"message":"E0112 19:17:08.127907   14428 watch.go:40] Failed to load config from \"c:\\\\Users\\\\Cip\\\\Desktop\\\\CP\\\\dataconnect\": could not find dataconnect.yaml in `c:\\Users\\Cip\\Desktop\\CP\\dataconnect`\n"}}
[debug] [2026-01-12T19:17:18.127Z] E0112 19:17:18.127666   14428 watch.go:40] Failed to load config from "c:\\Users\\Cip\\Desktop\\CP\\dataconnect": could not find dataconnect.yaml in `c:\Users\Cip\Desktop\CP\dataconnect`
 {"metadata":{"emulator":{"name":"dataconnect"},"message":"E0112 19:17:18.127666   14428 watch.go:40] Failed to load config from \"c:\\\\Users\\\\Cip\\\\Desktop\\\\CP\\\\dataconnect\": could not find dataconnect.yaml in `c:\\Users\\Cip\\Desktop\\CP\\dataconnect`\n"}}
[debug] [2026-01-12T19:17:28.128Z] E0112 19:17:28.127900   14428 watch.go:116] watchAllDir unable to walk dir `c:\Users\Cip\Desktop\CP\dataconnect`: CreateFile c:\Users\Cip\Desktop\CP\dataconnect: The system cannot find the file specified.
 {"metadata":{"emulator":{"name":"dataconnect"},"message":"E0112 19:17:28.127900   14428 watch.go:116] watchAllDir unable to walk dir `c:\\Users\\Cip\\Desktop\\CP\\dataconnect`: CreateFile c:\\Users\\Cip\\Desktop\\CP\\dataconnect: The system cannot find the file specified.\n"}}
[debug] [2026-01-12T19:17:28.128Z] E0112 19:17:28.127900   14428 watch.go:40] Failed to load config from "c:\\Users\\Cip\\Desktop\\CP\\dataconnect": could not find dataconnect.yaml in `c:\Users\Cip\Desktop\CP\dataconnect`
 {"metadata":{"emulator":{"name":"dataconnect"},"message":"E0112 19:17:28.127900   14428 watch.go:40] Failed to load config from \"c:\\\\Users\\\\Cip\\\\Desktop\\\\CP\\\\dataconnect\": could not find dataconnect.yaml in `c:\\Users\\Cip\\Desktop\\CP\\dataconnect`\n"}}
[debug] [2026-01-12T19:17:38.128Z] E0112 19:17:38.127923   14428 watch.go:40] Failed to load config from "c:\\Users\\Cip\\Desktop\\CP\\dataconnect": could not find dataconnect.yaml in `c:\Users\Cip\Desktop\CP\dataconnect`
 {"metadata":{"emulator":{"name":"dataconnect"},"message":"E0112 19:17:38.127923   14428 watch.go:40] Failed to load config from \"c:\\\\Users\\\\Cip\\\\Desktop\\\\CP\\\\dataconnect\": could not find dataconnect.yaml in `c:\\Users\\Cip\\Desktop\\CP\\dataconnect`\n"}}
[debug] [2026-01-12T19:17:48.128Z] E0112 19:17:48.127802   14428 watch.go:40] Failed to load config from "c:\\Users\\Cip\\Desktop\\CP\\dataconnect": could not find dataconnect.yaml in `c:\Users\Cip\Desktop\CP\dataconnect`
 {"metadata":{"emulator":{"name":"dataconnect"},"message":"E0112 19:17:48.127802   14428 watch.go:40] Failed to load config from \"c:\\\\Users\\\\Cip\\\\Desktop\\\\CP\\\\dataconnect\": could not find dataconnect.yaml in `c:\\Users\\Cip\\Desktop\\CP\\dataconnect`\n"}}
[debug] [2026-01-12T19:17:58.128Z] E0112 19:17:58.127886   14428 watch.go:40] Failed to load config from "c:\\Users\\Cip\\Desktop\\CP\\dataconnect": could not find dataconnect.yaml in `c:\Users\Cip\Desktop\CP\dataconnect`
 {"metadata":{"emulator":{"name":"dataconnect"},"message":"E0112 19:17:58.127886   14428 watch.go:40] Failed to load config from \"c:\\\\Users\\\\Cip\\\\Desktop\\\\CP\\\\dataconnect\": could not find dataconnect.yaml in `c:\\Users\\Cip\\Desktop\\CP\\dataconnect`\n"}}
[debug] [2026-01-12T19:18:08.128Z] E0112 19:18:08.127719   14428 watch.go:40] Failed to load config from "c:\\Users\\Cip\\Desktop\\CP\\dataconnect": could not find dataconnect.yaml in `c:\Users\Cip\Desktop\CP\dataconnect`
 {"metadata":{"emulator":{"name":"dataconnect"},"message":"E0112 19:18:08.127719   14428 watch.go:40] Failed to load config from \"c:\\\\Users\\\\Cip\\\\Desktop\\\\CP\\\\dataconnect\": could not find dataconnect.yaml in `c:\\Users\\Cip\\Desktop\\CP\\dataconnect`\n"}}
[debug] [2026-01-12T19:18:18.128Z] E0112 19:18:18.127675   14428 watch.go:40] Failed to load config from "c:\\Users\\Cip\\Desktop\\CP\\dataconnect": could not find dataconnect.yaml in `c:\Users\Cip\Desktop\CP\dataconnect`
 {"metadata":{"emulator":{"name":"dataconnect"},"message":"E0112 19:18:18.127675   14428 watch.go:40] Failed to load config from \"c:\\\\Users\\\\Cip\\\\Desktop\\\\CP\\\\dataconnect\": could not find dataconnect.yaml in `c:\\Users\\Cip\\Desktop\\CP\\dataconnect`\n"}}
[debug] [2026-01-12T19:18:28.128Z] E0112 19:18:28.128056   14428 watch.go:116] watchAllDir unable to walk dir `c:\Users\Cip\Desktop\CP\dataconnect`: CreateFile c:\Users\Cip\Desktop\CP\dataconnect: The system cannot find the file specified.
 {"metadata":{"emulator":{"name":"dataconnect"},"message":"E0112 19:18:28.128056   14428 watch.go:116] watchAllDir unable to walk dir `c:\\Users\\Cip\\Desktop\\CP\\dataconnect`: CreateFile c:\\Users\\Cip\\Desktop\\CP\\dataconnect: The system cannot find the file specified.\n"}}
[debug] [2026-01-12T19:18:28.128Z] E0112 19:18:28.128056   14428 watch.go:40] Failed to load config from "c:\\Users\\Cip\\Desktop\\CP\\dataconnect": could not find dataconnect.yaml in `c:\Users\Cip\Desktop\CP\dataconnect`
 {"metadata":{"emulator":{"name":"dataconnect"},"message":"E0112 19:18:28.128056   14428 watch.go:40] Failed to load config from \"c:\\\\Users\\\\Cip\\\\Desktop\\\\CP\\\\dataconnect\": could not find dataconnect.yaml in `c:\\Users\\Cip\\Desktop\\CP\\dataconnect`\n"}}
[debug] [2026-01-12T19:18:38.128Z] E0112 19:18:38.127717   14428 watch.go:40] Failed to load config from "c:\\Users\\Cip\\Desktop\\CP\\dataconnect": could not find dataconnect.yaml in `c:\Users\Cip\Desktop\CP\dataconnect`
 {"metadata":{"emulator":{"name":"dataconnect"},"message":"E0112 19:18:38.127717   14428 watch.go:40] Failed to load config from \"c:\\\\Users\\\\Cip\\\\Desktop\\\\CP\\\\dataconnect\": could not find dataconnect.yaml in `c:\\Users\\Cip\\Desktop\\CP\\dataconnect`\n"}}
[debug] [2026-01-12T19:18:48.128Z] E0112 19:18:48.128050   14428 watch.go:40] Failed to load config from "c:\\Users\\Cip\\Desktop\\CP\\dataconnect": could not find dataconnect.yaml in `c:\Users\Cip\Desktop\CP\dataconnect`
 {"metadata":{"emulator":{"name":"dataconnect"},"message":"E0112 19:18:48.128050   14428 watch.go:40] Failed to load config from \"c:\\\\Users\\\\Cip\\\\Desktop\\\\CP\\\\dataconnect\": could not find dataconnect.yaml in `c:\\Users\\Cip\\Desktop\\CP\\dataconnect`\n"}}
[debug] [2026-01-12T19:18:58.128Z] E0112 19:18:58.128021   14428 watch.go:40] Failed to load config from "c:\\Users\\Cip\\Desktop\\CP\\dataconnect": could not find dataconnect.yaml in `c:\Users\Cip\Desktop\CP\dataconnect`
 {"metadata":{"emulator":{"name":"dataconnect"},"message":"E0112 19:18:58.128021   14428 watch.go:40] Failed to load config from \"c:\\\\Users\\\\Cip\\\\Desktop\\\\CP\\\\dataconnect\": could not find dataconnect.yaml in `c:\\Users\\Cip\\Desktop\\CP\\dataconnect`\n"}}
[debug] [2026-01-12T19:19:08.128Z] E0112 19:19:08.127730   14428 watch.go:40] Failed to load config from "c:\\Users\\Cip\\Desktop\\CP\\dataconnect": could not find dataconnect.yaml in `c:\Users\Cip\Desktop\CP\dataconnect`
 {"metadata":{"emulator":{"name":"dataconnect"},"message":"E0112 19:19:08.127730   14428 watch.go:40] Failed to load config from \"c:\\\\Users\\\\Cip\\\\Desktop\\\\CP\\\\dataconnect\": could not find dataconnect.yaml in `c:\\Users\\Cip\\Desktop\\CP\\dataconnect`\n"}}
[debug] [2026-01-12T19:19:18.127Z] E0112 19:19:18.127567   14428 watch.go:40] Failed to load config from "c:\\Users\\Cip\\Desktop\\CP\\dataconnect": could not find dataconnect.yaml in `c:\Users\Cip\Desktop\CP\dataconnect`
 {"metadata":{"emulator":{"name":"dataconnect"},"message":"E0112 19:19:18.127567   14428 watch.go:40] Failed to load config from \"c:\\\\Users\\\\Cip\\\\Desktop\\\\CP\\\\dataconnect\": could not find dataconnect.yaml in `c:\\Users\\Cip\\Desktop\\CP\\dataconnect`\n"}}
[debug] [2026-01-12T19:19:28.127Z] E0112 19:19:28.127761   14428 watch.go:116] watchAllDir unable to walk dir `c:\Users\Cip\Desktop\CP\dataconnect`: CreateFile c:\Users\Cip\Desktop\CP\dataconnect: The system cannot find the file specified.
 {"metadata":{"emulator":{"name":"dataconnect"},"message":"E0112 19:19:28.127761   14428 watch.go:116] watchAllDir unable to walk dir `c:\\Users\\Cip\\Desktop\\CP\\dataconnect`: CreateFile c:\\Users\\Cip\\Desktop\\CP\\dataconnect: The system cannot find the file specified.\n"}}
[debug] [2026-01-12T19:19:28.128Z] E0112 19:19:28.127761   14428 watch.go:40] Failed to load config from "c:\\Users\\Cip\\Desktop\\CP\\dataconnect": could not find dataconnect.yaml in `c:\Users\Cip\Desktop\CP\dataconnect`
 {"metadata":{"emulator":{"name":"dataconnect"},"message":"E0112 19:19:28.127761   14428 watch.go:40] Failed to load config from \"c:\\\\Users\\\\Cip\\\\Desktop\\\\CP\\\\dataconnect\": could not find dataconnect.yaml in `c:\\Users\\Cip\\Desktop\\CP\\dataconnect`\n"}}
[debug] [2026-01-12T19:19:38.127Z] E0112 19:19:38.127581   14428 watch.go:40] Failed to load config from "c:\\Users\\Cip\\Desktop\\CP\\dataconnect": could not find dataconnect.yaml in `c:\Users\Cip\Desktop\CP\dataconnect`
 {"metadata":{"emulator":{"name":"dataconnect"},"message":"E0112 19:19:38.127581   14428 watch.go:40] Failed to load config from \"c:\\\\Users\\\\Cip\\\\Desktop\\\\CP\\\\dataconnect\": could not find dataconnect.yaml in `c:\\Users\\Cip\\Desktop\\CP\\dataconnect`\n"}}
[debug] [2026-01-12T19:19:48.127Z] E0112 19:19:48.127546   14428 watch.go:40] Failed to load config from "c:\\Users\\Cip\\Desktop\\CP\\dataconnect": could not find dataconnect.yaml in `c:\Users\Cip\Desktop\CP\dataconnect`
 {"metadata":{"emulator":{"name":"dataconnect"},"message":"E0112 19:19:48.127546   14428 watch.go:40] Failed to load config from \"c:\\\\Users\\\\Cip\\\\Desktop\\\\CP\\\\dataconnect\": could not find dataconnect.yaml in `c:\\Users\\Cip\\Desktop\\CP\\dataconnect`\n"}}
[debug] [2026-01-12T19:19:58.127Z] E0112 19:19:58.127751   14428 watch.go:40] Failed to load config from "c:\\Users\\Cip\\Desktop\\CP\\dataconnect": could not find dataconnect.yaml in `c:\Users\Cip\Desktop\CP\dataconnect`
 {"metadata":{"emulator":{"name":"dataconnect"},"message":"E0112 19:19:58.127751   14428 watch.go:40] Failed to load config from \"c:\\\\Users\\\\Cip\\\\Desktop\\\\CP\\\\dataconnect\": could not find dataconnect.yaml in `c:\\Users\\Cip\\Desktop\\CP\\dataconnect`\n"}}
[debug] [2026-01-12T19:20:08.128Z] E0112 19:20:08.128058   14428 watch.go:40] Failed to load config from "c:\\Users\\Cip\\Desktop\\CP\\dataconnect": could not find dataconnect.yaml in `c:\Users\Cip\Desktop\CP\dataconnect`
 {"metadata":{"emulator":{"name":"dataconnect"},"message":"E0112 19:20:08.128058   14428 watch.go:40] Failed to load config from \"c:\\\\Users\\\\Cip\\\\Desktop\\\\CP\\\\dataconnect\": could not find dataconnect.yaml in `c:\\Users\\Cip\\Desktop\\CP\\dataconnect`\n"}}
[debug] [2026-01-12T19:20:18.127Z] E0112 19:20:18.127908   14428 watch.go:40] Failed to load config from "c:\\Users\\Cip\\Desktop\\CP\\dataconnect": could not find dataconnect.yaml in `c:\Users\Cip\Desktop\CP\dataconnect`
 {"metadata":{"emulator":{"name":"dataconnect"},"message":"E0112 19:20:18.127908   14428 watch.go:40] Failed to load config from \"c:\\\\Users\\\\Cip\\\\Desktop\\\\CP\\\\dataconnect\": could not find dataconnect.yaml in `c:\\Users\\Cip\\Desktop\\CP\\dataconnect`\n"}}
[debug] [2026-01-12T19:20:28.128Z] E0112 19:20:28.127822   14428 watch.go:116] watchAllDir unable to walk dir `c:\Users\Cip\Desktop\CP\dataconnect`: CreateFile c:\Users\Cip\Desktop\CP\dataconnect: The system cannot find the file specified.
 {"metadata":{"emulator":{"name":"dataconnect"},"message":"E0112 19:20:28.127822   14428 watch.go:116] watchAllDir unable to walk dir `c:\\Users\\Cip\\Desktop\\CP\\dataconnect`: CreateFile c:\\Users\\Cip\\Desktop\\CP\\dataconnect: The system cannot find the file specified.\n"}}
[debug] [2026-01-12T19:20:28.128Z] E0112 19:20:28.127822   14428 watch.go:40] Failed to load config from "c:\\Users\\Cip\\Desktop\\CP\\dataconnect": could not find dataconnect.yaml in `c:\Users\Cip\Desktop\CP\dataconnect`
 {"metadata":{"emulator":{"name":"dataconnect"},"message":"E0112 19:20:28.127822   14428 watch.go:40] Failed to load config from \"c:\\\\Users\\\\Cip\\\\Desktop\\\\CP\\\\dataconnect\": could not find dataconnect.yaml in `c:\\Users\\Cip\\Desktop\\CP\\dataconnect`\n"}}
[debug] [2026-01-12T19:20:38.128Z] E0112 19:20:38.127689   14428 watch.go:40] Failed to load config from "c:\\Users\\Cip\\Desktop\\CP\\dataconnect": could not find dataconnect.yaml in `c:\Users\Cip\Desktop\CP\dataconnect`
 {"metadata":{"emulator":{"name":"dataconnect"},"message":"E0112 19:20:38.127689   14428 watch.go:40] Failed to load config from \"c:\\\\Users\\\\Cip\\\\Desktop\\\\CP\\\\dataconnect\": could not find dataconnect.yaml in `c:\\Users\\Cip\\Desktop\\CP\\dataconnect`\n"}}
[debug] [2026-01-12T19:20:48.128Z] E0112 19:20:48.127906   14428 watch.go:40] Failed to load config from "c:\\Users\\Cip\\Desktop\\CP\\dataconnect": could not find dataconnect.yaml in `c:\Users\Cip\Desktop\CP\dataconnect`
 {"metadata":{"emulator":{"name":"dataconnect"},"message":"E0112 19:20:48.127906   14428 watch.go:40] Failed to load config from \"c:\\\\Users\\\\Cip\\\\Desktop\\\\CP\\\\dataconnect\": could not find dataconnect.yaml in `c:\\Users\\Cip\\Desktop\\CP\\dataconnect`\n"}}
[debug] [2026-01-12T19:20:58.128Z] E0112 19:20:58.127650   14428 watch.go:40] Failed to load config from "c:\\Users\\Cip\\Desktop\\CP\\dataconnect": could not find dataconnect.yaml in `c:\Users\Cip\Desktop\CP\dataconnect`
 {"metadata":{"emulator":{"name":"dataconnect"},"message":"E0112 19:20:58.127650   14428 watch.go:40] Failed to load config from \"c:\\\\Users\\\\Cip\\\\Desktop\\\\CP\\\\dataconnect\": could not find dataconnect.yaml in `c:\\Users\\Cip\\Desktop\\CP\\dataconnect`\n"}}
[debug] [2026-01-12T19:21:08.127Z] E0112 19:21:08.127514   14428 watch.go:40] Failed to load config from "c:\\Users\\Cip\\Desktop\\CP\\dataconnect": could not find dataconnect.yaml in `c:\Users\Cip\Desktop\CP\dataconnect`
 {"metadata":{"emulator":{"name":"dataconnect"},"message":"E0112 19:21:08.127514   14428 watch.go:40] Failed to load config from \"c:\\\\Users\\\\Cip\\\\Desktop\\\\CP\\\\dataconnect\": could not find dataconnect.yaml in `c:\\Users\\Cip\\Desktop\\CP\\dataconnect`\n"}}
[debug] [2026-01-12T19:21:18.128Z] E0112 19:21:18.128006   14428 watch.go:40] Failed to load config from "c:\\Users\\Cip\\Desktop\\CP\\dataconnect": could not find dataconnect.yaml in `c:\Users\Cip\Desktop\CP\dataconnect`
 {"metadata":{"emulator":{"name":"dataconnect"},"message":"E0112 19:21:18.128006   14428 watch.go:40] Failed to load config from \"c:\\\\Users\\\\Cip\\\\Desktop\\\\CP\\\\dataconnect\": could not find dataconnect.yaml in `c:\\Users\\Cip\\Desktop\\CP\\dataconnect`\n"}}
[debug] [2026-01-12T19:21:28.128Z] E0112 19:21:28.128045   14428 watch.go:116] watchAllDir unable to walk dir `c:\Users\Cip\Desktop\CP\dataconnect`: CreateFile c:\Users\Cip\Desktop\CP\dataconnect: The system cannot find the file specified.
 {"metadata":{"emulator":{"name":"dataconnect"},"message":"E0112 19:21:28.128045   14428 watch.go:116] watchAllDir unable to walk dir `c:\\Users\\Cip\\Desktop\\CP\\dataconnect`: CreateFile c:\\Users\\Cip\\Desktop\\CP\\dataconnect: The system cannot find the file specified.\n"}}
[debug] [2026-01-12T19:21:28.128Z] E0112 19:21:28.128045   14428 watch.go:40] Failed to load config from "c:\\Users\\Cip\\Desktop\\CP\\dataconnect": could not find dataconnect.yaml in `c:\Users\Cip\Desktop\CP\dataconnect`
 {"metadata":{"emulator":{"name":"dataconnect"},"message":"E0112 19:21:28.128045   14428 watch.go:40] Failed to load config from \"c:\\\\Users\\\\Cip\\\\Desktop\\\\CP\\\\dataconnect\": could not find dataconnect.yaml in `c:\\Users\\Cip\\Desktop\\CP\\dataconnect`\n"}}
[debug] [2026-01-12T19:21:38.128Z] E0112 19:21:38.128152   14428 watch.go:40] Failed to load config from "c:\\Users\\Cip\\Desktop\\CP\\dataconnect": could not find dataconnect.yaml in `c:\Users\Cip\Desktop\CP\dataconnect`
 {"metadata":{"emulator":{"name":"dataconnect"},"message":"E0112 19:21:38.128152   14428 watch.go:40] Failed to load config from \"c:\\\\Users\\\\Cip\\\\Desktop\\\\CP\\\\dataconnect\": could not find dataconnect.yaml in `c:\\Users\\Cip\\Desktop\\CP\\dataconnect`\n"}}
[debug] [2026-01-12T19:21:48.128Z] E0112 19:21:48.127753   14428 watch.go:40] Failed to load config from "c:\\Users\\Cip\\Desktop\\CP\\dataconnect": could not find dataconnect.yaml in `c:\Users\Cip\Desktop\CP\dataconnect`
 {"metadata":{"emulator":{"name":"dataconnect"},"message":"E0112 19:21:48.127753   14428 watch.go:40] Failed to load config from \"c:\\\\Users\\\\Cip\\\\Desktop\\\\CP\\\\dataconnect\": could not find dataconnect.yaml in `c:\\Users\\Cip\\Desktop\\CP\\dataconnect`\n"}}
[debug] [2026-01-12T19:21:58.130Z] E0112 19:21:58.128358   14428 watch.go:40] Failed to load config from "c:\\Users\\Cip\\Desktop\\CP\\dataconnect": could not find dataconnect.yaml in `c:\Users\Cip\Desktop\CP\dataconnect`
 {"metadata":{"emulator":{"name":"dataconnect"},"message":"E0112 19:21:58.128358   14428 watch.go:40] Failed to load config from \"c:\\\\Users\\\\Cip\\\\Desktop\\\\CP\\\\dataconnect\": could not find dataconnect.yaml in `c:\\Users\\Cip\\Desktop\\CP\\dataconnect`\n"}}
[debug] [2026-01-12T19:22:08.127Z] E0112 19:22:08.127679   14428 watch.go:40] Failed to load config from "c:\\Users\\Cip\\Desktop\\CP\\dataconnect": could not find dataconnect.yaml in `c:\Users\Cip\Desktop\CP\dataconnect`
 {"metadata":{"emulator":{"name":"dataconnect"},"message":"E0112 19:22:08.127679   14428 watch.go:40] Failed to load config from \"c:\\\\Users\\\\Cip\\\\Desktop\\\\CP\\\\dataconnect\": could not find dataconnect.yaml in `c:\\Users\\Cip\\Desktop\\CP\\dataconnect`\n"}}
[debug] [2026-01-12T19:22:18.128Z] E0112 19:22:18.128197   14428 watch.go:40] Failed to load config from "c:\\Users\\Cip\\Desktop\\CP\\dataconnect": could not find dataconnect.yaml in `c:\Users\Cip\Desktop\CP\dataconnect`
 {"metadata":{"emulator":{"name":"dataconnect"},"message":"E0112 19:22:18.128197   14428 watch.go:40] Failed to load config from \"c:\\\\Users\\\\Cip\\\\Desktop\\\\CP\\\\dataconnect\": could not find dataconnect.yaml in `c:\\Users\\Cip\\Desktop\\CP\\dataconnect`\n"}}
[debug] [2026-01-12T19:22:28.127Z] E0112 19:22:28.127594   14428 watch.go:116] watchAllDir unable to walk dir `c:\Users\Cip\Desktop\CP\dataconnect`: CreateFile c:\Users\Cip\Desktop\CP\dataconnect: The system cannot find the file specified.
 {"metadata":{"emulator":{"name":"dataconnect"},"message":"E0112 19:22:28.127594   14428 watch.go:116] watchAllDir unable to walk dir `c:\\Users\\Cip\\Desktop\\CP\\dataconnect`: CreateFile c:\\Users\\Cip\\Desktop\\CP\\dataconnect: The system cannot find the file specified.\n"}}
[debug] [2026-01-12T19:22:28.128Z] E0112 19:22:28.127594   14428 watch.go:40] Failed to load config from "c:\\Users\\Cip\\Desktop\\CP\\dataconnect": could not find dataconnect.yaml in `c:\Users\Cip\Desktop\CP\dataconnect`
 {"metadata":{"emulator":{"name":"dataconnect"},"message":"E0112 19:22:28.127594   14428 watch.go:40] Failed to load config from \"c:\\\\Users\\\\Cip\\\\Desktop\\\\CP\\\\dataconnect\": could not find dataconnect.yaml in `c:\\Users\\Cip\\Desktop\\CP\\dataconnect`\n"}}
[debug] [2026-01-12T19:22:38.128Z] E0112 19:22:38.127848   14428 watch.go:40] Failed to load config from "c:\\Users\\Cip\\Desktop\\CP\\dataconnect": could not find dataconnect.yaml in `c:\Users\Cip\Desktop\CP\dataconnect`
 {"metadata":{"emulator":{"name":"dataconnect"},"message":"E0112 19:22:38.127848   14428 watch.go:40] Failed to load config from \"c:\\\\Users\\\\Cip\\\\Desktop\\\\CP\\\\dataconnect\": could not find dataconnect.yaml in `c:\\Users\\Cip\\Desktop\\CP\\dataconnect`\n"}}
[debug] [2026-01-12T19:22:48.127Z] E0112 19:22:48.127548   14428 watch.go:40] Failed to load config from "c:\\Users\\Cip\\Desktop\\CP\\dataconnect": could not find dataconnect.yaml in `c:\Users\Cip\Desktop\CP\dataconnect`
 {"metadata":{"emulator":{"name":"dataconnect"},"message":"E0112 19:22:48.127548   14428 watch.go:40] Failed to load config from \"c:\\\\Users\\\\Cip\\\\Desktop\\\\CP\\\\dataconnect\": could not find dataconnect.yaml in `c:\\Users\\Cip\\Desktop\\CP\\dataconnect`\n"}}
[debug] [2026-01-12T19:22:58.127Z] E0112 19:22:58.127644   14428 watch.go:40] Failed to load config from "c:\\Users\\Cip\\Desktop\\CP\\dataconnect": could not find dataconnect.yaml in `c:\Users\Cip\Desktop\CP\dataconnect`
 {"metadata":{"emulator":{"name":"dataconnect"},"message":"E0112 19:22:58.127644   14428 watch.go:40] Failed to load config from \"c:\\\\Users\\\\Cip\\\\Desktop\\\\CP\\\\dataconnect\": could not find dataconnect.yaml in `c:\\Users\\Cip\\Desktop\\CP\\dataconnect`\n"}}
[debug] [2026-01-12T19:23:08.128Z] E0112 19:23:08.128199   14428 watch.go:40] Failed to load config from "c:\\Users\\Cip\\Desktop\\CP\\dataconnect": could not find dataconnect.yaml in `c:\Users\Cip\Desktop\CP\dataconnect`
 {"metadata":{"emulator":{"name":"dataconnect"},"message":"E0112 19:23:08.128199   14428 watch.go:40] Failed to load config from \"c:\\\\Users\\\\Cip\\\\Desktop\\\\CP\\\\dataconnect\": could not find dataconnect.yaml in `c:\\Users\\Cip\\Desktop\\CP\\dataconnect`\n"}}
[debug] [2026-01-12T19:23:18.128Z] E0112 19:23:18.128252   14428 watch.go:40] Failed to load config from "c:\\Users\\Cip\\Desktop\\CP\\dataconnect": could not find dataconnect.yaml in `c:\Users\Cip\Desktop\CP\dataconnect`
 {"metadata":{"emulator":{"name":"dataconnect"},"message":"E0112 19:23:18.128252   14428 watch.go:40] Failed to load config from \"c:\\\\Users\\\\Cip\\\\Desktop\\\\CP\\\\dataconnect\": could not find dataconnect.yaml in `c:\\Users\\Cip\\Desktop\\CP\\dataconnect`\n"}}
[debug] [2026-01-12T19:23:28.128Z] E0112 19:23:28.127766   14428 watch.go:116] watchAllDir unable to walk dir `c:\Users\Cip\Desktop\CP\dataconnect`: CreateFile c:\Users\Cip\Desktop\CP\dataconnect: The system cannot find the file specified.
 {"metadata":{"emulator":{"name":"dataconnect"},"message":"E0112 19:23:28.127766   14428 watch.go:116] watchAllDir unable to walk dir `c:\\Users\\Cip\\Desktop\\CP\\dataconnect`: CreateFile c:\\Users\\Cip\\Desktop\\CP\\dataconnect: The system cannot find the file specified.\n"}}
[debug] [2026-01-12T19:23:28.128Z] E0112 19:23:28.127766   14428 watch.go:40] Failed to load config from "c:\\Users\\Cip\\Desktop\\CP\\dataconnect": could not find dataconnect.yaml in `c:\Users\Cip\Desktop\CP\dataconnect`
 {"metadata":{"emulator":{"name":"dataconnect"},"message":"E0112 19:23:28.127766   14428 watch.go:40] Failed to load config from \"c:\\\\Users\\\\Cip\\\\Desktop\\\\CP\\\\dataconnect\": could not find dataconnect.yaml in `c:\\Users\\Cip\\Desktop\\CP\\dataconnect`\n"}}
[debug] [2026-01-12T19:23:38.128Z] E0112 19:23:38.127571   14428 watch.go:40] Failed to load config from "c:\\Users\\Cip\\Desktop\\CP\\dataconnect": could not find dataconnect.yaml in `c:\Users\Cip\Desktop\CP\dataconnect`
 {"metadata":{"emulator":{"name":"dataconnect"},"message":"E0112 19:23:38.127571   14428 watch.go:40] Failed to load config from \"c:\\\\Users\\\\Cip\\\\Desktop\\\\CP\\\\dataconnect\": could not find dataconnect.yaml in `c:\\Users\\Cip\\Desktop\\CP\\dataconnect`\n"}}
[debug] [2026-01-12T19:23:48.128Z] E0112 19:23:48.127714   14428 watch.go:40] Failed to load config from "c:\\Users\\Cip\\Desktop\\CP\\dataconnect": could not find dataconnect.yaml in `c:\Users\Cip\Desktop\CP\dataconnect`
 {"metadata":{"emulator":{"name":"dataconnect"},"message":"E0112 19:23:48.127714   14428 watch.go:40] Failed to load config from \"c:\\\\Users\\\\Cip\\\\Desktop\\\\CP\\\\dataconnect\": could not find dataconnect.yaml in `c:\\Users\\Cip\\Desktop\\CP\\dataconnect`\n"}}
[debug] [2026-01-12T19:23:58.128Z] E0112 19:23:58.127786   14428 watch.go:40] Failed to load config from "c:\\Users\\Cip\\Desktop\\CP\\dataconnect": could not find dataconnect.yaml in `c:\Users\Cip\Desktop\CP\dataconnect`
 {"metadata":{"emulator":{"name":"dataconnect"},"message":"E0112 19:23:58.127786   14428 watch.go:40] Failed to load config from \"c:\\\\Users\\\\Cip\\\\Desktop\\\\CP\\\\dataconnect\": could not find dataconnect.yaml in `c:\\Users\\Cip\\Desktop\\CP\\dataconnect`\n"}}
